<?xml version="1.0" encoding="UTF-8"?>
<testsuites name="Test Suite" tests="6" failures="1" errors="0" skipped="1" time="10.1">
  <testsuite name="com.example.LoginTest" tests="3" failures="0" errors="0" time="4.0">
    <testcase name="testLoginSuccess" classname="com.example.LoginTest" time="1.1"/>
    <testcase name="testLoginInvalidPassword" classname="com.example.LoginTest" time="2.0"/>
    <testcase name="testLoginTimeout" classname="com.example.LoginTest" time="0.9"/>
  </testsuite>
  <testsuite name="com.example.CartTest" tests="3" failures="1" errors="0" skipped="1" time="6.1">
    <testcase name="testAddToCart" classname="com.example.CartTest" time="0.7"/>
    <testcase name="testRemoveFromCart" classname="com.example.CartTest" time="0.0">
      <skipped/>
    </testcase>
    <testcase name="testCheckout" classname="com.example.CartTest" time="3.2">
      <failure message="NullPointerException at CartService" type="java.lang.NullPointerException">
java.lang.NullPointerException
	at com.example.service.CartService.getItems(CartService.java:88)
	at com.example.CartTest.testCheckout(CartTest.java:67)
	at sun.reflect.NativeMethodAccessorImpl.invoke0(Native Method)
      </failure>
    </testcase>
  </testsuite>
</testsuites>
